0 info it worked if it ends with ok
1 verbose cli [ 'C:\\Program Files\\nodejs\\node.exe',
1 verbose cli   'C:\\Program Files\\nodejs\\node_modules\\npm\\bin\\npm-cli.js',
1 verbose cli   'install',
1 verbose cli   'models' ]
2 info using npm@3.10.10
3 info using node@v6.11.3
4 silly loadCurrentTree Starting
5 silly install loadCurrentTree
6 silly install readLocalPackageData
7 silly fetchPackageMetaData models@latest
8 silly fetchNamedPackageData models
9 silly mapToRegistry name models
10 silly mapToRegistry using default registry
11 silly mapToRegistry registry https://registry.npmjs.org/
12 silly mapToRegistry data Result {
12 silly mapToRegistry   raw: 'models',
12 silly mapToRegistry   scope: null,
12 silly mapToRegistry   escapedName: 'models',
12 silly mapToRegistry   name: 'models',
12 silly mapToRegistry   rawSpec: '',
12 silly mapToRegistry   spec: 'latest',
12 silly mapToRegistry   type: 'tag' }
13 silly mapToRegistry uri https://registry.npmjs.org/models
14 verbose request uri https://registry.npmjs.org/models
15 verbose request no auth needed
16 info attempt registry request try #1 at 21:12:37
17 verbose request id d2ee0b5ac1d28240
18 verbose etag W/"4e173d94-f03"
19 verbose lastModified Fri, 08 Jul 2011 17:25:40 GMT
20 http request GET https://registry.npmjs.org/models
21 http 304 https://registry.npmjs.org/models
22 verbose headers { date: 'Sun, 19 Nov 2017 19:12:39 GMT',
22 verbose headers   via: '1.1 varnish',
22 verbose headers   'cache-control': 'max-age=300',
22 verbose headers   etag: 'W/"4e173d94-f03"',
22 verbose headers   age: '108',
22 verbose headers   connection: 'keep-alive',
22 verbose headers   'x-served-by': 'cache-hhn1521-HHN',
22 verbose headers   'x-cache': 'HIT',
22 verbose headers   'x-cache-hits': '1',
22 verbose headers   'x-timer': 'S1511118759.074414,VS0,VE0',
22 verbose headers   vary: 'Accept-Encoding, Accept' }
23 silly get cb [ 304,
23 silly get   { date: 'Sun, 19 Nov 2017 19:12:39 GMT',
23 silly get     via: '1.1 varnish',
23 silly get     'cache-control': 'max-age=300',
23 silly get     etag: 'W/"4e173d94-f03"',
23 silly get     age: '108',
23 silly get     connection: 'keep-alive',
23 silly get     'x-served-by': 'cache-hhn1521-HHN',
23 silly get     'x-cache': 'HIT',
23 silly get     'x-cache-hits': '1',
23 silly get     'x-timer': 'S1511118759.074414,VS0,VE0',
23 silly get     vary: 'Accept-Encoding, Accept' } ]
24 verbose etag https://registry.npmjs.org/models from cache
25 verbose get saving models to C:\Users\davem\AppData\Roaming\npm-cache\registry.npmjs.org\models\.cache.json
26 verbose correctMkdir C:\Users\davem\AppData\Roaming\npm-cache correctMkdir not in flight; initializing
27 silly install normalizeTree
28 silly loadCurrentTree Finishing
29 silly loadIdealTree Starting
30 silly install loadIdealTree
31 silly cloneCurrentTree Starting
32 silly install cloneCurrentTreeToIdealTree
33 silly cloneCurrentTree Finishing
34 silly loadShrinkwrap Starting
35 silly install loadShrinkwrap
36 silly loadShrinkwrap Finishing
37 silly loadAllDepsIntoIdealTree Starting
38 silly install loadAllDepsIntoIdealTree
39 silly resolveWithNewModule models@0.2.0 checking installable status
40 silly cache add args [ 'models@latest', null ]
41 verbose cache add spec models@latest
42 silly cache add parsed spec Result {
42 silly cache add   raw: 'models@latest',
42 silly cache add   scope: null,
42 silly cache add   escapedName: 'models',
42 silly cache add   name: 'models',
42 silly cache add   rawSpec: 'latest',
42 silly cache add   spec: 'latest',
42 silly cache add   type: 'tag' }
43 silly addNamed models@latest
44 verbose addNamed "latest" is being treated as a dist-tag for models
45 info addNameTag [ 'models', 'latest' ]
46 silly mapToRegistry name models
47 silly mapToRegistry using default registry
48 silly mapToRegistry registry https://registry.npmjs.org/
49 silly mapToRegistry data Result {
49 silly mapToRegistry   raw: 'models',
49 silly mapToRegistry   scope: null,
49 silly mapToRegistry   escapedName: 'models',
49 silly mapToRegistry   name: 'models',
49 silly mapToRegistry   rawSpec: '',
49 silly mapToRegistry   spec: 'latest',
49 silly mapToRegistry   type: 'tag' }
50 silly mapToRegistry uri https://registry.npmjs.org/models
51 verbose addNameTag registry:https://registry.npmjs.org/models not in flight; fetching
52 verbose get https://registry.npmjs.org/models not expired, no request
53 silly addNameTag next cb for models with tag latest
54 silly addNamed models@0.2.0
55 verbose addNamed "0.2.0" is a plain semver version for models
56 silly cache afterAdd models@0.2.0
57 verbose afterAdd C:\Users\davem\AppData\Roaming\npm-cache\models\0.2.0\package\package.json not in flight; writing
58 verbose correctMkdir C:\Users\davem\AppData\Roaming\npm-cache correctMkdir not in flight; initializing
59 verbose afterAdd C:\Users\davem\AppData\Roaming\npm-cache\models\0.2.0\package\package.json written
60 silly fetchNamedPackageData graphquire
61 silly mapToRegistry name graphquire
62 silly mapToRegistry using default registry
63 silly mapToRegistry registry https://registry.npmjs.org/
64 silly mapToRegistry data Result {
64 silly mapToRegistry   raw: 'graphquire',
64 silly mapToRegistry   scope: null,
64 silly mapToRegistry   escapedName: 'graphquire',
64 silly mapToRegistry   name: 'graphquire',
64 silly mapToRegistry   rawSpec: '',
64 silly mapToRegistry   spec: 'latest',
64 silly mapToRegistry   type: 'tag' }
65 silly mapToRegistry uri https://registry.npmjs.org/graphquire
66 verbose request uri https://registry.npmjs.org/graphquire
67 verbose request no auth needed
68 info attempt registry request try #1 at 21:12:37
69 verbose etag W/"4e173d84-37aa"
70 verbose lastModified Fri, 08 Jul 2011 17:25:24 GMT
71 http request GET https://registry.npmjs.org/graphquire
72 http 304 https://registry.npmjs.org/graphquire
73 verbose headers { date: 'Sun, 19 Nov 2017 19:12:39 GMT',
73 verbose headers   via: '1.1 varnish',
73 verbose headers   'cache-control': 'max-age=300',
73 verbose headers   etag: 'W/"4e173d84-37aa"',
73 verbose headers   age: '107',
73 verbose headers   connection: 'keep-alive',
73 verbose headers   'x-served-by': 'cache-hhn1521-HHN',
73 verbose headers   'x-cache': 'HIT',
73 verbose headers   'x-cache-hits': '1',
73 verbose headers   'x-timer': 'S1511118759.365245,VS0,VE1',
73 verbose headers   vary: 'Accept-Encoding, Accept' }
74 silly get cb [ 304,
74 silly get   { date: 'Sun, 19 Nov 2017 19:12:39 GMT',
74 silly get     via: '1.1 varnish',
74 silly get     'cache-control': 'max-age=300',
74 silly get     etag: 'W/"4e173d84-37aa"',
74 silly get     age: '107',
74 silly get     connection: 'keep-alive',
74 silly get     'x-served-by': 'cache-hhn1521-HHN',
74 silly get     'x-cache': 'HIT',
74 silly get     'x-cache-hits': '1',
74 silly get     'x-timer': 'S1511118759.365245,VS0,VE1',
74 silly get     vary: 'Accept-Encoding, Accept' } ]
75 verbose etag https://registry.npmjs.org/graphquire from cache
76 verbose get saving graphquire to C:\Users\davem\AppData\Roaming\npm-cache\registry.npmjs.org\graphquire\.cache.json
77 verbose correctMkdir C:\Users\davem\AppData\Roaming\npm-cache correctMkdir not in flight; initializing
78 silly resolveWithNewModule graphquire@0.8.0 checking installable status
79 silly cache add args [ 'graphquire@>=0.8.0', null ]
80 verbose cache add spec graphquire@>=0.8.0
81 silly cache add parsed spec Result {
81 silly cache add   raw: 'graphquire@>=0.8.0',
81 silly cache add   scope: null,
81 silly cache add   escapedName: 'graphquire',
81 silly cache add   name: 'graphquire',
81 silly cache add   rawSpec: '>=0.8.0',
81 silly cache add   spec: '>=0.8.0',
81 silly cache add   type: 'range' }
82 silly addNamed graphquire@>=0.8.0
83 verbose addNamed ">=0.8.0" is a valid semver range for graphquire
84 silly addNameRange { name: 'graphquire', range: '>=0.8.0', hasData: false }
85 silly mapToRegistry name graphquire
86 silly mapToRegistry using default registry
87 silly mapToRegistry registry https://registry.npmjs.org/
88 silly mapToRegistry data Result {
88 silly mapToRegistry   raw: 'graphquire',
88 silly mapToRegistry   scope: null,
88 silly mapToRegistry   escapedName: 'graphquire',
88 silly mapToRegistry   name: 'graphquire',
88 silly mapToRegistry   rawSpec: '',
88 silly mapToRegistry   spec: 'latest',
88 silly mapToRegistry   type: 'tag' }
89 silly mapToRegistry uri https://registry.npmjs.org/graphquire
90 verbose addNameRange registry:https://registry.npmjs.org/graphquire not in flight; fetching
91 verbose get https://registry.npmjs.org/graphquire not expired, no request
92 silly addNameRange number 2 { name: 'graphquire', range: '>=0.8.0', hasData: true }
93 silly addNameRange versions [ 'graphquire',
93 silly addNameRange   [ '0.2.0',
93 silly addNameRange     '0.3.0',
93 silly addNameRange     '0.4.0',
93 silly addNameRange     '0.5.0',
93 silly addNameRange     '0.5.1',
93 silly addNameRange     '0.5.2',
93 silly addNameRange     '0.5.3',
93 silly addNameRange     '0.5.4',
93 silly addNameRange     '0.5.5',
93 silly addNameRange     '0.6.0',
93 silly addNameRange     '0.6.1',
93 silly addNameRange     '0.7.0',
93 silly addNameRange     '0.8.0' ] ]
94 silly addNamed graphquire@0.8.0
95 verbose addNamed "0.8.0" is a plain semver version for graphquire
96 silly cache afterAdd graphquire@0.8.0
97 verbose afterAdd C:\Users\davem\AppData\Roaming\npm-cache\graphquire\0.8.0\package\package.json not in flight; writing
98 verbose correctMkdir C:\Users\davem\AppData\Roaming\npm-cache correctMkdir not in flight; initializing
99 verbose afterAdd C:\Users\davem\AppData\Roaming\npm-cache\graphquire\0.8.0\package\package.json written
100 silly loadAllDepsIntoIdealTree Finishing
101 silly loadIdealTree Finishing
102 silly currentTree linkupserver@0.0.0
102 silly currentTree +-- accepts@1.3.4
102 silly currentTree +-- acorn-globals@1.0.9
102 silly currentTree +-- acorn@2.7.0
102 silly currentTree +-- align-text@0.1.4
102 silly currentTree +-- amdefine@1.0.1
102 silly currentTree +-- array-flatten@1.1.1
102 silly currentTree +-- asap@1.0.0
102 silly currentTree +-- async@2.1.4
102 silly currentTree +-- basic-auth@2.0.0
102 silly currentTree +-- bluebird@3.5.1
102 silly currentTree +-- body-parser@1.18.2
102 silly currentTree +-- bson@1.0.4
102 silly currentTree +-- buffer-shims@1.0.0
102 silly currentTree +-- bytes@3.0.0
102 silly currentTree +-- camelcase@1.2.1
102 silly currentTree +-- center-align@0.1.3
102 silly currentTree +-- character-parser@1.2.1
102 silly currentTree +-- clean-css@3.4.28
102 silly currentTree | `-- commander@2.8.1
102 silly currentTree +-- cliui@2.1.0
102 silly currentTree | `-- wordwrap@0.0.2
102 silly currentTree +-- commander@2.6.0
102 silly currentTree +-- constantinople@3.0.2
102 silly currentTree +-- content-disposition@0.5.2
102 silly currentTree +-- content-type@1.0.4
102 silly currentTree +-- cookie-parser@1.4.3
102 silly currentTree +-- cookie-signature@1.0.6
102 silly currentTree +-- cookie@0.3.1
102 silly currentTree +-- core-util-is@1.0.2
102 silly currentTree +-- css-parse@1.0.4
102 silly currentTree +-- css-stringify@1.0.5
102 silly currentTree +-- css@1.0.8
102 silly currentTree +-- dateformat@1.0.2-1.2.3
102 silly currentTree +-- debug@2.6.9
102 silly currentTree +-- decamelize@1.2.0
102 silly currentTree +-- depd@1.1.1
102 silly currentTree +-- destroy@1.0.4
102 silly currentTree +-- ee-first@1.1.1
102 silly currentTree +-- encodeurl@1.0.1
102 silly currentTree +-- es6-promise@3.2.1
102 silly currentTree +-- escape-html@1.0.3
102 silly currentTree +-- etag@1.8.1
102 silly currentTree +-- express@4.15.5
102 silly currentTree | +-- qs@6.5.0
102 silly currentTree | `-- statuses@1.3.1
102 silly currentTree +-- finalhandler@1.0.6
102 silly currentTree | `-- statuses@1.3.1
102 silly currentTree +-- forwarded@0.1.2
102 silly currentTree +-- fresh@0.5.2
102 silly currentTree +-- graceful-readlink@1.0.1
102 silly currentTree +-- hooks-fixed@2.0.2
102 silly currentTree +-- http-errors@1.6.2
102 silly currentTree +-- i@0.3.6
102 silly currentTree +-- iconv-lite@0.4.19
102 silly currentTree +-- inherits@2.0.3
102 silly currentTree +-- ipaddr.js@1.4.0
102 silly currentTree +-- is-buffer@1.1.6
102 silly currentTree +-- is-promise@2.1.0
102 silly currentTree +-- isarray@1.0.0
102 silly currentTree +-- jade@1.11.0
102 silly currentTree +-- jstransformer@0.0.2
102 silly currentTree +-- kareem@1.5.0
102 silly currentTree +-- kind-of@3.2.2
102 silly currentTree +-- lazy-cache@1.0.4
102 silly currentTree +-- libs@0.1.2
102 silly currentTree +-- lodash.get@4.4.2
102 silly currentTree +-- lodash@4.17.4
102 silly currentTree +-- longest@1.0.1
102 silly currentTree +-- media-typer@0.3.0
102 silly currentTree +-- merge-descriptors@1.0.1
102 silly currentTree +-- methods@1.1.2
102 silly currentTree +-- mime-db@1.30.0
102 silly currentTree +-- mime-types@2.1.17
102 silly currentTree +-- mime@1.3.4
102 silly currentTree +-- minimist@0.0.8
102 silly currentTree +-- mkdirp@0.5.1
102 silly currentTree +-- mongodb-core@2.1.17
102 silly currentTree +-- mongodb@2.2.33
102 silly currentTree +-- mongoose@4.13.4
102 silly currentTree +-- morgan@1.9.0
102 silly currentTree +-- mpath@0.3.0
102 silly currentTree +-- mpromise@0.5.5
102 silly currentTree +-- mquery@2.3.2
102 silly currentTree | `-- sliced@0.0.5
102 silly currentTree +-- ms@2.0.0
102 silly currentTree +-- muri@1.3.0
102 silly currentTree +-- negotiator@0.6.1
102 silly currentTree +-- on-finished@2.3.0
102 silly currentTree +-- on-headers@1.0.1
102 silly currentTree +-- optimist@0.3.7
102 silly currentTree +-- parseurl@1.3.2
102 silly currentTree +-- path-to-regexp@0.1.7
102 silly currentTree +-- process-nextick-args@1.0.7
102 silly currentTree +-- promise@6.1.0
102 silly currentTree +-- proxy-addr@1.1.5
102 silly currentTree +-- qs@6.5.1
102 silly currentTree +-- range-parser@1.2.0
102 silly currentTree +-- raw-body@2.3.2
102 silly currentTree +-- readable-stream@2.2.7
102 silly currentTree +-- regexp-clone@0.0.1
102 silly currentTree +-- repeat-string@1.6.1
102 silly currentTree +-- require_optional@1.0.1
102 silly currentTree +-- resolve-from@2.0.0
102 silly currentTree +-- right-align@0.1.3
102 silly currentTree +-- safe-buffer@5.1.1
102 silly currentTree +-- semver@5.4.1
102 silly currentTree +-- send@0.15.6
102 silly currentTree | `-- statuses@1.3.1
102 silly currentTree +-- serve-favicon@2.4.5
102 silly currentTree +-- serve-static@1.12.6
102 silly currentTree +-- setprototypeof@1.0.3
102 silly currentTree +-- sliced@1.0.1
102 silly currentTree +-- source-map@0.4.4
102 silly currentTree +-- statuses@1.4.0
102 silly currentTree +-- string_decoder@1.0.3
102 silly currentTree +-- transformers@2.1.0
102 silly currentTree | +-- is-promise@1.0.1
102 silly currentTree | +-- promise@2.0.0
102 silly currentTree | +-- source-map@0.1.43
102 silly currentTree | `-- uglify-js@2.2.5
102 silly currentTree +-- type-is@1.6.15
102 silly currentTree +-- uglify-js@2.8.29
102 silly currentTree | `-- source-map@0.5.7
102 silly currentTree +-- uglify-to-browserify@1.0.2
102 silly currentTree +-- unpipe@1.0.0
102 silly currentTree +-- util-deprecate@1.0.2
102 silly currentTree +-- utils-merge@1.0.0
102 silly currentTree +-- vary@1.1.2
102 silly currentTree +-- void-elements@2.0.1
102 silly currentTree +-- window-size@0.1.0
102 silly currentTree +-- with@4.0.3
102 silly currentTree | `-- acorn@1.2.2
102 silly currentTree +-- wordwrap@0.0.3
102 silly currentTree `-- yargs@3.10.0
103 silly idealTree linkupserver@0.0.0
103 silly idealTree +-- accepts@1.3.4
103 silly idealTree +-- acorn-globals@1.0.9
103 silly idealTree +-- acorn@2.7.0
103 silly idealTree +-- align-text@0.1.4
103 silly idealTree +-- amdefine@1.0.1
103 silly idealTree +-- array-flatten@1.1.1
103 silly idealTree +-- asap@1.0.0
103 silly idealTree +-- async@2.1.4
103 silly idealTree +-- basic-auth@2.0.0
103 silly idealTree +-- bluebird@3.5.1
103 silly idealTree +-- body-parser@1.18.2
103 silly idealTree +-- bson@1.0.4
103 silly idealTree +-- buffer-shims@1.0.0
103 silly idealTree +-- bytes@3.0.0
103 silly idealTree +-- camelcase@1.2.1
103 silly idealTree +-- center-align@0.1.3
103 silly idealTree +-- character-parser@1.2.1
103 silly idealTree +-- clean-css@3.4.28
103 silly idealTree | `-- commander@2.8.1
103 silly idealTree +-- cliui@2.1.0
103 silly idealTree | `-- wordwrap@0.0.2
103 silly idealTree +-- commander@2.6.0
103 silly idealTree +-- constantinople@3.0.2
103 silly idealTree +-- content-disposition@0.5.2
103 silly idealTree +-- content-type@1.0.4
103 silly idealTree +-- cookie-parser@1.4.3
103 silly idealTree +-- cookie-signature@1.0.6
103 silly idealTree +-- cookie@0.3.1
103 silly idealTree +-- core-util-is@1.0.2
103 silly idealTree +-- css-parse@1.0.4
103 silly idealTree +-- css-stringify@1.0.5
103 silly idealTree +-- css@1.0.8
103 silly idealTree +-- dateformat@1.0.2-1.2.3
103 silly idealTree +-- debug@2.6.9
103 silly idealTree +-- decamelize@1.2.0
103 silly idealTree +-- depd@1.1.1
103 silly idealTree +-- destroy@1.0.4
103 silly idealTree +-- ee-first@1.1.1
103 silly idealTree +-- encodeurl@1.0.1
103 silly idealTree +-- es6-promise@3.2.1
103 silly idealTree +-- escape-html@1.0.3
103 silly idealTree +-- etag@1.8.1
103 silly idealTree +-- express@4.15.5
103 silly idealTree | +-- qs@6.5.0
103 silly idealTree | `-- statuses@1.3.1
103 silly idealTree +-- finalhandler@1.0.6
103 silly idealTree | `-- statuses@1.3.1
103 silly idealTree +-- forwarded@0.1.2
103 silly idealTree +-- fresh@0.5.2
103 silly idealTree +-- graceful-readlink@1.0.1
103 silly idealTree +-- graphquire@0.8.0
103 silly idealTree +-- hooks-fixed@2.0.2
103 silly idealTree +-- http-errors@1.6.2
103 silly idealTree +-- i@0.3.6
103 silly idealTree +-- iconv-lite@0.4.19
103 silly idealTree +-- inherits@2.0.3
103 silly idealTree +-- ipaddr.js@1.4.0
103 silly idealTree +-- is-buffer@1.1.6
103 silly idealTree +-- is-promise@2.1.0
103 silly idealTree +-- isarray@1.0.0
103 silly idealTree +-- jade@1.11.0
103 silly idealTree +-- jstransformer@0.0.2
103 silly idealTree +-- kareem@1.5.0
103 silly idealTree +-- kind-of@3.2.2
103 silly idealTree +-- lazy-cache@1.0.4
103 silly idealTree +-- libs@0.1.2
103 silly idealTree +-- lodash.get@4.4.2
103 silly idealTree +-- lodash@4.17.4
103 silly idealTree +-- longest@1.0.1
103 silly idealTree +-- media-typer@0.3.0
103 silly idealTree +-- merge-descriptors@1.0.1
103 silly idealTree +-- methods@1.1.2
103 silly idealTree +-- mime-db@1.30.0
103 silly idealTree +-- mime-types@2.1.17
103 silly idealTree +-- mime@1.3.4
103 silly idealTree +-- minimist@0.0.8
103 silly idealTree +-- mkdirp@0.5.1
103 silly idealTree +-- models@0.2.0
103 silly idealTree +-- mongodb-core@2.1.17
103 silly idealTree +-- mongodb@2.2.33
103 silly idealTree +-- mongoose@4.13.4
103 silly idealTree +-- morgan@1.9.0
103 silly idealTree +-- mpath@0.3.0
103 silly idealTree +-- mpromise@0.5.5
103 silly idealTree +-- mquery@2.3.2
103 silly idealTree | `-- sliced@0.0.5
103 silly idealTree +-- ms@2.0.0
103 silly idealTree +-- muri@1.3.0
103 silly idealTree +-- negotiator@0.6.1
103 silly idealTree +-- on-finished@2.3.0
103 silly idealTree +-- on-headers@1.0.1
103 silly idealTree +-- optimist@0.3.7
103 silly idealTree +-- parseurl@1.3.2
103 silly idealTree +-- path-to-regexp@0.1.7
103 silly idealTree +-- process-nextick-args@1.0.7
103 silly idealTree +-- promise@6.1.0
103 silly idealTree +-- proxy-addr@1.1.5
103 silly idealTree +-- qs@6.5.1
103 silly idealTree +-- range-parser@1.2.0
103 silly idealTree +-- raw-body@2.3.2
103 silly idealTree +-- readable-stream@2.2.7
103 silly idealTree +-- regexp-clone@0.0.1
103 silly idealTree +-- repeat-string@1.6.1
103 silly idealTree +-- require_optional@1.0.1
103 silly idealTree +-- resolve-from@2.0.0
103 silly idealTree +-- right-align@0.1.3
103 silly idealTree +-- safe-buffer@5.1.1
103 silly idealTree +-- semver@5.4.1
103 silly idealTree +-- send@0.15.6
103 silly idealTree | `-- statuses@1.3.1
103 silly idealTree +-- serve-favicon@2.4.5
103 silly idealTree +-- serve-static@1.12.6
103 silly idealTree +-- setprototypeof@1.0.3
103 silly idealTree +-- sliced@1.0.1
103 silly idealTree +-- source-map@0.4.4
103 silly idealTree +-- statuses@1.4.0
103 silly idealTree +-- string_decoder@1.0.3
103 silly idealTree +-- transformers@2.1.0
103 silly idealTree | +-- is-promise@1.0.1
103 silly idealTree | +-- promise@2.0.0
103 silly idealTree | +-- source-map@0.1.43
103 silly idealTree | `-- uglify-js@2.2.5
103 silly idealTree +-- type-is@1.6.15
103 silly idealTree +-- uglify-js@2.8.29
103 silly idealTree | `-- source-map@0.5.7
103 silly idealTree +-- uglify-to-browserify@1.0.2
103 silly idealTree +-- unpipe@1.0.0
103 silly idealTree +-- util-deprecate@1.0.2
103 silly idealTree +-- utils-merge@1.0.0
103 silly idealTree +-- vary@1.1.2
103 silly idealTree +-- void-elements@2.0.1
103 silly idealTree +-- window-size@0.1.0
103 silly idealTree +-- with@4.0.3
103 silly idealTree | `-- acorn@1.2.2
103 silly idealTree +-- wordwrap@0.0.3
103 silly idealTree `-- yargs@3.10.0
104 silly generateActionsToTake Starting
105 silly install generateActionsToTake
106 silly generateActionsToTake Finishing
107 silly diffTrees action count 2
108 silly diffTrees add graphquire@0.8.0
109 silly diffTrees add models@0.2.0
110 silly decomposeActions action count 16
111 silly decomposeActions fetch graphquire@0.8.0
112 silly decomposeActions extract graphquire@0.8.0
113 silly decomposeActions test graphquire@0.8.0
114 silly decomposeActions preinstall graphquire@0.8.0
115 silly decomposeActions build graphquire@0.8.0
116 silly decomposeActions install graphquire@0.8.0
117 silly decomposeActions postinstall graphquire@0.8.0
118 silly decomposeActions finalize graphquire@0.8.0
119 silly decomposeActions fetch models@0.2.0
120 silly decomposeActions extract models@0.2.0
121 silly decomposeActions test models@0.2.0
122 silly decomposeActions preinstall models@0.2.0
123 silly decomposeActions build models@0.2.0
124 silly decomposeActions install models@0.2.0
125 silly decomposeActions postinstall models@0.2.0
126 silly decomposeActions finalize models@0.2.0
127 silly runTopLevelLifecycles Starting
128 silly executeActions Starting
129 silly install executeActions
130 silly doSerial global-install 0
131 silly doParallel fetch 2
132 verbose correctMkdir C:\Users\davem\AppData\Roaming\npm-cache\_locks correctMkdir not in flight; initializing
133 verbose lock using C:\Users\davem\AppData\Roaming\npm-cache\_locks\staging-4986cf46ba25dcd4.lock for D:\Workspace\Node.JS\LinkUpServer\node_modules\.staging
134 silly doParallel extract 2
135 silly extract graphquire@0.8.0
136 silly extract models@0.2.0
137 verbose unbuild node_modules\.staging\models-21c52a8e
138 verbose unbuild node_modules\.staging\graphquire-2396259c
139 silly gentlyRm D:\Workspace\Node.JS\LinkUpServer\node_modules\.staging\models-21c52a8e is being purged from base D:\Workspace\Node.JS\LinkUpServer
140 verbose gentlyRm don't care about contents; nuking D:\Workspace\Node.JS\LinkUpServer\node_modules\.staging\models-21c52a8e
141 silly gentlyRm D:\Workspace\Node.JS\LinkUpServer\node_modules\.staging\graphquire-2396259c is being purged from base D:\Workspace\Node.JS\LinkUpServer
142 verbose gentlyRm don't care about contents; nuking D:\Workspace\Node.JS\LinkUpServer\node_modules\.staging\graphquire-2396259c
143 verbose tar unpack C:\Users\davem\AppData\Roaming\npm-cache\models\0.2.0\package.tgz
144 verbose tar unpacking to D:\Workspace\Node.JS\LinkUpServer\node_modules\.staging\models-21c52a8e
145 silly gentlyRm D:\Workspace\Node.JS\LinkUpServer\node_modules\.staging\models-21c52a8e is being purged
146 verbose gentlyRm don't care about contents; nuking D:\Workspace\Node.JS\LinkUpServer\node_modules\.staging\models-21c52a8e
147 verbose tar unpack C:\Users\davem\AppData\Roaming\npm-cache\graphquire\0.8.0\package.tgz
148 verbose tar unpacking to D:\Workspace\Node.JS\LinkUpServer\node_modules\.staging\graphquire-2396259c
149 silly gentlyRm D:\Workspace\Node.JS\LinkUpServer\node_modules\.staging\graphquire-2396259c is being purged
150 verbose gentlyRm don't care about contents; nuking D:\Workspace\Node.JS\LinkUpServer\node_modules\.staging\graphquire-2396259c
151 silly gunzTarPerm modes [ '777', '666' ]
152 silly gunzTarPerm modes [ '777', '666' ]
153 silly gunzTarPerm extractEntry .gitignore
154 silly gunzTarPerm modified mode [ '.gitignore', 420, 438 ]
155 silly gunzTarPerm extractEntry .fs-utils.js.un~
156 silly gunzTarPerm modified mode [ '.fs-utils.js.un~', 420, 438 ]
157 silly gunzTarPerm extractEntry .package.json.un~
158 silly gunzTarPerm modified mode [ '.package.json.un~', 420, 438 ]
159 silly gunzTarPerm extractEntry History.md
160 silly gunzTarPerm modified mode [ 'History.md', 420, 438 ]
161 silly gunzTarPerm extractEntry models.js
162 silly gunzTarPerm modified mode [ 'models.js', 420, 438 ]
163 silly gunzTarPerm extractEntry package.json
164 silly gunzTarPerm modified mode [ 'package.json', 420, 438 ]
165 silly gunzTarPerm extractEntry Readme.md
166 silly gunzTarPerm modified mode [ 'Readme.md', 420, 438 ]
167 silly gunzTarPerm extractEntry tests/.test-models.js.un~
168 silly gunzTarPerm modified mode [ 'tests/.test-models.js.un~', 420, 438 ]
169 silly gunzTarPerm extractEntry tests/test-models.js
170 silly gunzTarPerm modified mode [ 'tests/test-models.js', 420, 438 ]
171 silly gunzTarPerm extractEntry .gitignore
172 silly gunzTarPerm modified mode [ '.gitignore', 420, 438 ]
173 silly gunzTarPerm extractEntry !raw.github.com/Gozala/events/v0.4.0/events.js
174 silly gunzTarPerm modified mode [ '!raw.github.com/Gozala/events/v0.4.0/events.js', 420, 438 ]
175 silly gunzTarPerm extractEntry !raw.github.com/Gozala/extendables/v0.2.0/extendables.js
176 silly gunzTarPerm modified mode [ '!raw.github.com/Gozala/extendables/v0.2.0/extendables.js',
176 silly gunzTarPerm   420,
176 silly gunzTarPerm   438 ]
177 silly gunzTarPerm extractEntry .graphquire.coffee.un~
178 silly gunzTarPerm modified mode [ '.graphquire.coffee.un~', 420, 438 ]
179 silly gunzTarPerm extractEntry .graphquire.js.un~
180 silly gunzTarPerm modified mode [ '.graphquire.js.un~', 420, 438 ]
181 silly gunzTarPerm extractEntry node_modules/!raw.github.com/Gozala/events/v0.4.0/events.js
182 silly gunzTarPerm modified mode [ 'node_modules/!raw.github.com/Gozala/events/v0.4.0/events.js',
182 silly gunzTarPerm   420,
182 silly gunzTarPerm   438 ]
183 silly gunzTarPerm extractEntry node_modules/!raw.github.com/Gozala/extendables/v0.2.0/extendables.js
184 silly gunzTarPerm modified mode [ 'node_modules/!raw.github.com/Gozala/extendables/v0.2.0/extendables.js',
184 silly gunzTarPerm   420,
184 silly gunzTarPerm   438 ]
185 silly gunzTarPerm extractEntry .History.md.un~
186 silly gunzTarPerm modified mode [ '.History.md.un~', 420, 438 ]
187 silly gunzTarPerm extractEntry .package.json.un~
188 silly gunzTarPerm modified mode [ '.package.json.un~', 420, 438 ]
189 silly gunzTarPerm extractEntry .Readme.md.un~
190 silly gunzTarPerm modified mode [ '.Readme.md.un~', 420, 438 ]
191 silly gunzTarPerm extractEntry .temp.js.un~
192 silly gunzTarPerm modified mode [ '.temp.js.un~', 420, 438 ]
193 silly gunzTarPerm extractEntry .Untitled.html.un~
194 silly gunzTarPerm modified mode [ '.Untitled.html.un~', 420, 438 ]
195 silly gunzTarPerm extractEntry graphquire.js
196 silly gunzTarPerm modified mode [ 'graphquire.js', 420, 438 ]
197 silly gunzTarPerm extractEntry History.md
198 silly gunzTarPerm modified mode [ 'History.md', 420, 438 ]
199 silly gunzTarPerm extractEntry package.json
200 silly gunzTarPerm modified mode [ 'package.json', 420, 438 ]
201 silly gunzTarPerm extractEntry Readme.md
202 silly gunzTarPerm modified mode [ 'Readme.md', 420, 438 ]
203 silly gunzTarPerm extractEntry redirects.md
204 silly gunzTarPerm modified mode [ 'redirects.md', 420, 438 ]
205 silly gunzTarPerm extractEntry temp.js
206 silly gunzTarPerm modified mode [ 'temp.js', 420, 438 ]
207 silly gunzTarPerm extractEntry bin/.graphquire.coffee.un~
208 silly gunzTarPerm modified mode [ 'bin/.graphquire.coffee.un~', 493, 511 ]
209 silly gunzTarPerm extractEntry bin/.graphquire.js.un~
210 silly gunzTarPerm modified mode [ 'bin/.graphquire.js.un~', 493, 511 ]
211 silly gunzTarPerm extractEntry bin/.teleport.js.un~
212 silly gunzTarPerm modified mode [ 'bin/.teleport.js.un~', 493, 511 ]
213 silly gunzTarPerm extractEntry bin/graphquire.js
214 silly gunzTarPerm modified mode [ 'bin/graphquire.js', 493, 511 ]
215 silly gunzTarPerm extractEntry utils/.deployment.js.un~
216 silly gunzTarPerm modified mode [ 'utils/.deployment.js.un~', 420, 438 ]
217 silly gunzTarPerm extractEntry utils/.fs.js.un~
218 silly gunzTarPerm modified mode [ 'utils/.fs.js.un~', 420, 438 ]
219 silly gunzTarPerm extractEntry utils/deployment.js
220 silly gunzTarPerm modified mode [ 'utils/deployment.js', 420, 438 ]
221 silly gunzTarPerm extractEntry utils/fs.js
222 silly gunzTarPerm modified mode [ 'utils/fs.js', 420, 438 ]
223 silly gunzTarPerm extractEntry test/.test-graphquire.js.un~
224 silly gunzTarPerm modified mode [ 'test/.test-graphquire.js.un~', 420, 438 ]
225 silly gunzTarPerm extractEntry test/.test-utils.js.un~
226 silly gunzTarPerm modified mode [ 'test/.test-utils.js.un~', 420, 438 ]
227 silly gunzTarPerm extractEntry test/test-graphquire.js
228 silly gunzTarPerm modified mode [ 'test/test-graphquire.js', 420, 438 ]
229 silly gunzTarPerm extractEntry test/test-utils.js
230 silly gunzTarPerm modified mode [ 'test/test-utils.js', 420, 438 ]
231 silly gunzTarPerm extractEntry test/fixtures/pckg-uncached/.index.js.un~
232 silly gunzTarPerm modified mode [ 'test/fixtures/pckg-uncached/.index.js.un~', 420, 438 ]
233 silly gunzTarPerm extractEntry test/fixtures/pckg-uncached/.package.json.un~
234 silly gunzTarPerm modified mode [ 'test/fixtures/pckg-uncached/.package.json.un~', 420, 438 ]
235 silly gunzTarPerm extractEntry test/fixtures/pckg-uncached/index.js
236 silly gunzTarPerm modified mode [ 'test/fixtures/pckg-uncached/index.js', 420, 438 ]
237 silly gunzTarPerm extractEntry test/fixtures/pckg-uncached/package.json
238 silly gunzTarPerm modified mode [ 'test/fixtures/pckg-uncached/package.json', 420, 438 ]
239 silly gunzTarPerm extractEntry test/fixtures/pckg-cached/.index.js.un~
240 silly gunzTarPerm modified mode [ 'test/fixtures/pckg-cached/.index.js.un~', 420, 438 ]
241 silly gunzTarPerm extractEntry test/fixtures/pckg-cached/.package.json.un~
242 silly gunzTarPerm modified mode [ 'test/fixtures/pckg-cached/.package.json.un~', 420, 438 ]
243 silly gunzTarPerm extractEntry test/fixtures/pckg-cached/index.js
244 silly gunzTarPerm modified mode [ 'test/fixtures/pckg-cached/index.js', 420, 438 ]
245 silly gunzTarPerm extractEntry test/fixtures/pckg-cached/package.json
246 silly gunzTarPerm modified mode [ 'test/fixtures/pckg-cached/package.json', 420, 438 ]
247 silly gunzTarPerm extractEntry test/fixtures/pckg-cached/node_modules/!bar.org/.package.json.un~
248 silly gunzTarPerm modified mode [ 'test/fixtures/pckg-cached/node_modules/!bar.org/.package.json.un~',
248 silly gunzTarPerm   420,
248 silly gunzTarPerm   438 ]
249 silly gunzTarPerm extractEntry test/fixtures/pckg-cached/node_modules/!bar.org/c.js
250 silly gunzTarPerm modified mode [ 'test/fixtures/pckg-cached/node_modules/!bar.org/c.js',
250 silly gunzTarPerm   420,
250 silly gunzTarPerm   438 ]
251 silly gunzTarPerm extractEntry test/fixtures/pckg-cached/node_modules/foo.org/.a.js.un~
252 silly gunzTarPerm modified mode [ 'test/fixtures/pckg-cached/node_modules/foo.org/.a.js.un~',
252 silly gunzTarPerm   420,
252 silly gunzTarPerm   438 ]
253 silly gunzTarPerm extractEntry test/fixtures/pckg-cached/node_modules/foo.org/a.js
254 silly gunzTarPerm modified mode [ 'test/fixtures/pckg-cached/node_modules/foo.org/a.js',
254 silly gunzTarPerm   420,
254 silly gunzTarPerm   438 ]
255 silly gunzTarPerm extractEntry test/fixtures/pckg-cached/node_modules/foo.org/nested/.b.js.un~
256 silly gunzTarPerm modified mode [ 'test/fixtures/pckg-cached/node_modules/foo.org/nested/.b.js.un~',
256 silly gunzTarPerm   420,
256 silly gunzTarPerm   438 ]
257 silly gunzTarPerm extractEntry test/fixtures/pckg-cached/node_modules/foo.org/nested/b.js
258 silly gunzTarPerm modified mode [ 'test/fixtures/pckg-cached/node_modules/foo.org/nested/b.js',
258 silly gunzTarPerm   420,
258 silly gunzTarPerm   438 ]
259 silly gunzTarPerm extractEntry test/fixtures/pckg-npm/.index.js.un~
260 silly gunzTarPerm modified mode [ 'test/fixtures/pckg-npm/.index.js.un~', 420, 438 ]
261 silly gunzTarPerm extractEntry test/fixtures/pckg-npm/.package.json.un~
262 silly gunzTarPerm modified mode [ 'test/fixtures/pckg-npm/.package.json.un~', 420, 438 ]
263 silly gunzTarPerm extractEntry test/fixtures/pckg-npm/index.js
264 silly gunzTarPerm modified mode [ 'test/fixtures/pckg-npm/index.js', 420, 438 ]
265 silly gunzTarPerm extractEntry test/fixtures/pckg-npm/package.json
266 silly gunzTarPerm modified mode [ 'test/fixtures/pckg-npm/package.json', 420, 438 ]
267 silly gunzTarPerm extractEntry test/fixtures/pckg-npm/node_modules/bar.org/.package.json.un~
268 silly gunzTarPerm modified mode [ 'test/fixtures/pckg-npm/node_modules/bar.org/.package.json.un~',
268 silly gunzTarPerm   420,
268 silly gunzTarPerm   438 ]
269 silly gunzTarPerm extractEntry test/fixtures/pckg-npm/node_modules/bar.org/c.js
270 silly gunzTarPerm modified mode [ 'test/fixtures/pckg-npm/node_modules/bar.org/c.js', 420, 438 ]
271 silly gunzTarPerm extractEntry test/fixtures/pckg-npm/node_modules/foo.org/.a.js.un~
272 silly gunzTarPerm modified mode [ 'test/fixtures/pckg-npm/node_modules/foo.org/.a.js.un~',
272 silly gunzTarPerm   420,
272 silly gunzTarPerm   438 ]
273 silly gunzTarPerm extractEntry test/fixtures/pckg-npm/node_modules/foo.org/a.js
274 silly gunzTarPerm modified mode [ 'test/fixtures/pckg-npm/node_modules/foo.org/a.js', 420, 438 ]
275 silly gunzTarPerm extractEntry test/fixtures/pckg-npm/node_modules/foo.org/nested/.b.js.un~
276 silly gunzTarPerm modified mode [ 'test/fixtures/pckg-npm/node_modules/foo.org/nested/.b.js.un~',
276 silly gunzTarPerm   420,
276 silly gunzTarPerm   438 ]
277 silly gunzTarPerm extractEntry test/fixtures/pckg-npm/node_modules/foo.org/nested/b.js
278 silly gunzTarPerm modified mode [ 'test/fixtures/pckg-npm/node_modules/foo.org/nested/b.js',
278 silly gunzTarPerm   420,
278 silly gunzTarPerm   438 ]
279 silly gunzTarPerm extractEntry test/fixtures/pckg-npm/node_modules/dependency/.index.js.un~
280 silly gunzTarPerm modified mode [ 'test/fixtures/pckg-npm/node_modules/dependency/.index.js.un~',
280 silly gunzTarPerm   420,
280 silly gunzTarPerm   438 ]
281 silly gunzTarPerm extractEntry test/fixtures/pckg-npm/node_modules/dependency/.local.js.un~
282 silly gunzTarPerm modified mode [ 'test/fixtures/pckg-npm/node_modules/dependency/.local.js.un~',
282 silly gunzTarPerm   420,
282 silly gunzTarPerm   438 ]
283 silly gunzTarPerm extractEntry test/fixtures/pckg-npm/node_modules/dependency/.package.json.un~
284 silly gunzTarPerm modified mode [ 'test/fixtures/pckg-npm/node_modules/dependency/.package.json.un~',
284 silly gunzTarPerm   420,
284 silly gunzTarPerm   438 ]
285 silly gunzTarPerm extractEntry test/fixtures/pckg-npm/node_modules/dependency/index.js
286 silly gunzTarPerm modified mode [ 'test/fixtures/pckg-npm/node_modules/dependency/index.js',
286 silly gunzTarPerm   420,
286 silly gunzTarPerm   438 ]
287 silly gunzTarPerm extractEntry test/fixtures/pckg-npm/node_modules/dependency/local.js
288 silly gunzTarPerm modified mode [ 'test/fixtures/pckg-npm/node_modules/dependency/local.js',
288 silly gunzTarPerm   420,
288 silly gunzTarPerm   438 ]
289 silly gunzTarPerm extractEntry test/fixtures/pckg-npm/node_modules/dependency/package.json
290 silly gunzTarPerm modified mode [ 'test/fixtures/pckg-npm/node_modules/dependency/package.json',
290 silly gunzTarPerm   420,
290 silly gunzTarPerm   438 ]
291 silly gunzTarPerm extractEntry test/fixtures/pckg-npm/node_modules/dependency/node_modules/nested-dependency/.package.json.un~
292 silly gunzTarPerm modified mode [ 'test/fixtures/pckg-npm/node_modules/dependency/node_modules/nested-dependency/.package.json.un~',
292 silly gunzTarPerm   420,
292 silly gunzTarPerm   438 ]
293 silly gunzTarPerm extractEntry test/fixtures/pckg-npm/node_modules/dependency/node_modules/nested-dependency/package.json
294 silly gunzTarPerm modified mode [ 'test/fixtures/pckg-npm/node_modules/dependency/node_modules/nested-dependency/package.json',
294 silly gunzTarPerm   420,
294 silly gunzTarPerm   438 ]
295 silly gunzTarPerm extractEntry test/fixtures/pckg-npm/node_modules/dependency/node_modules/nested-dependency/lib/.main.js.un~
296 silly gunzTarPerm modified mode [ 'test/fixtures/pckg-npm/node_modules/dependency/node_modules/nested-dependency/lib/.main.js.un~',
296 silly gunzTarPerm   420,
296 silly gunzTarPerm   438 ]
297 silly gunzTarPerm extractEntry test/fixtures/pckg-npm/node_modules/dependency/node_modules/nested-dependency/lib/main.js
298 silly gunzTarPerm modified mode [ 'test/fixtures/pckg-npm/node_modules/dependency/node_modules/nested-dependency/lib/main.js',
298 silly gunzTarPerm   420,
298 silly gunzTarPerm   438 ]
299 silly gentlyRm D:\Workspace\Node.JS\LinkUpServer\node_modules\.staging\models-21c52a8e\node_modules is being purged
300 verbose gentlyRm don't care about contents; nuking D:\Workspace\Node.JS\LinkUpServer\node_modules\.staging\models-21c52a8e\node_modules
301 silly vacuum-fs purging D:\Workspace\Node.JS\LinkUpServer\node_modules\.staging\models-21c52a8e\node_modules
302 silly vacuum-fs quitting because other entries in D:\Workspace\Node.JS\LinkUpServer\node_modules\.staging\models-21c52a8e
303 silly gentlyRm D:\Workspace\Node.JS\LinkUpServer\node_modules\.staging\graphquire-2396259c\node_modules is being purged
304 verbose gentlyRm don't care about contents; nuking D:\Workspace\Node.JS\LinkUpServer\node_modules\.staging\graphquire-2396259c\node_modules
305 silly doParallel preinstall 2
306 silly preinstall graphquire@0.8.0 D:\Workspace\Node.JS\LinkUpServer\node_modules\.staging\graphquire-2396259c
307 info lifecycle graphquire@0.8.0~preinstall: graphquire@0.8.0
308 silly preinstall models@0.2.0 D:\Workspace\Node.JS\LinkUpServer\node_modules\.staging\models-21c52a8e
309 info lifecycle models@0.2.0~preinstall: models@0.2.0
310 silly lifecycle graphquire@0.8.0~preinstall: no script for preinstall, continuing
311 silly lifecycle models@0.2.0~preinstall: no script for preinstall, continuing
312 silly doReverseSerial remove 0
313 silly doSerial move 0
314 silly doSerial finalize 2
315 silly finalize D:\Workspace\Node.JS\LinkUpServer\node_modules\graphquire
316 silly finalize D:\Workspace\Node.JS\LinkUpServer\node_modules\models
317 silly doSerial build 2
318 silly build graphquire@0.8.0
319 info linkStuff graphquire@0.8.0
320 silly linkStuff graphquire@0.8.0 has D:\Workspace\Node.JS\LinkUpServer\node_modules as its parent node_modules
321 warn prefer global graphquire@0.8.0 should be installed with -g
322 verbose linkBins graphquire@0.8.0
323 verbose link bins [ { graphquire: './bin/graphquire.js' },
323 verbose link bins   'D:\\Workspace\\Node.JS\\LinkUpServer\\node_modules\\.bin',
323 verbose link bins   false ]
324 verbose linkMans graphquire@0.8.0
325 silly build models@0.2.0
326 info linkStuff models@0.2.0
327 silly linkStuff models@0.2.0 has D:\Workspace\Node.JS\LinkUpServer\node_modules as its parent node_modules
328 verbose linkBins models@0.2.0
329 verbose linkMans models@0.2.0
330 silly doSerial global-link 0
331 silly doParallel update-linked 0
332 silly doSerial install 2
333 silly install graphquire@0.8.0 D:\Workspace\Node.JS\LinkUpServer\node_modules\.staging\graphquire-2396259c
334 info lifecycle graphquire@0.8.0~install: graphquire@0.8.0
335 silly lifecycle graphquire@0.8.0~install: no script for install, continuing
336 silly install models@0.2.0 D:\Workspace\Node.JS\LinkUpServer\node_modules\.staging\models-21c52a8e
337 info lifecycle models@0.2.0~install: models@0.2.0
338 verbose lifecycle models@0.2.0~install: unsafe-perm in lifecycle true
339 verbose lifecycle models@0.2.0~install: PATH: C:\Program Files\nodejs\node_modules\npm\bin\node-gyp-bin;D:\Workspace\Node.JS\LinkUpServer\node_modules\models\node_modules\.bin;D:\Workspace\Node.JS\LinkUpServer\node_modules\.bin;C:\ProgramData\Oracle\Java\javapath;C:\Windows\system32;C:\Windows;C:\Windows\System32\Wbem;C:\Windows\System32\WindowsPowerShell\v1.0\;C:\Windows\system32\config\systemprofile\.dnx\bin;C:\Program Files\Microsoft DNX\Dnvm\;C:\Program Files (x86)\STMicroelectronics\STM32 ST-LINK Utility\ST-LINK Utility;C:\Program Files\nodejs\;C:\Program Files\Skype\Phone\;C:\Program Files\Windows Kits\10\Windows Performance Toolkit\;C:\Users\davem\AppData\Local\Microsoft\WindowsApps;C:\Users\davem\AppData\Roaming\npm
340 verbose lifecycle models@0.2.0~install: CWD: D:\Workspace\Node.JS\LinkUpServer\node_modules\models
341 silly lifecycle models@0.2.0~install: Args: [ '/d /s /c',
341 silly lifecycle   'graphquire -c -w && graphquire -c -w --cache-path ./' ]
342 silly lifecycle models@0.2.0~install: Returned: code: 1  signal: null
343 info lifecycle models@0.2.0~install: Failed to exec install script
344 verbose unlock done using C:\Users\davem\AppData\Roaming\npm-cache\_locks\staging-4986cf46ba25dcd4.lock for D:\Workspace\Node.JS\LinkUpServer\node_modules\.staging
345 silly rollbackFailedOptional Starting
346 silly rollbackFailedOptional Finishing
347 silly runTopLevelLifecycles Finishing
348 silly install printInstalled
349 verbose stack Error: models@0.2.0 install: `graphquire -c -w && graphquire -c -w --cache-path ./`
349 verbose stack Exit status 1
349 verbose stack     at EventEmitter.<anonymous> (C:\Program Files\nodejs\node_modules\npm\lib\utils\lifecycle.js:255:16)
349 verbose stack     at emitTwo (events.js:106:13)
349 verbose stack     at EventEmitter.emit (events.js:191:7)
349 verbose stack     at ChildProcess.<anonymous> (C:\Program Files\nodejs\node_modules\npm\lib\utils\spawn.js:40:14)
349 verbose stack     at emitTwo (events.js:106:13)
349 verbose stack     at ChildProcess.emit (events.js:191:7)
349 verbose stack     at maybeClose (internal/child_process.js:920:16)
349 verbose stack     at Process.ChildProcess._handle.onexit (internal/child_process.js:230:5)
350 verbose pkgid models@0.2.0
351 verbose cwd D:\Workspace\Node.JS\LinkUpServer
352 error Windows_NT 10.0.15063
353 error argv "C:\\Program Files\\nodejs\\node.exe" "C:\\Program Files\\nodejs\\node_modules\\npm\\bin\\npm-cli.js" "install" "models"
354 error node v6.11.3
355 error npm  v3.10.10
356 error code ELIFECYCLE
357 error models@0.2.0 install: `graphquire -c -w && graphquire -c -w --cache-path ./`
357 error Exit status 1
358 error Failed at the models@0.2.0 install script 'graphquire -c -w && graphquire -c -w --cache-path ./'.
358 error Make sure you have the latest version of node.js and npm installed.
358 error If you do, this is most likely a problem with the models package,
358 error not with npm itself.
358 error Tell the author that this fails on your system:
358 error     graphquire -c -w && graphquire -c -w --cache-path ./
358 error You can get information on how to open an issue for this project with:
358 error     npm bugs models
358 error Or if that isn't available, you can get their info via:
358 error     npm owner ls models
358 error There is likely additional logging output above.
359 verbose exit [ 1, true ]
